<?xml version="1.0" encoding="UTF-8"?>
<testsuite xmlns:xsi="http://www.w3.org/2001/XMLSchema-instance" xsi:noNamespaceSchemaLocation="https://maven.apache.org/surefire/maven-surefire-plugin/xsd/surefire-test-report-3.0.xsd" version="3.0" name="com.ams.worknest.UserControllerTest" time="5.997" tests="1" errors="0" skipped="0" failures="0">
  <properties>
[...]
</properties>
  <testcase name="getUserById" classname="com.ams.worknest.UserControllerTest" time="0.415">
    <system-out><![CDATA[16:47:49.881 [main] INFO org.springframework.boot.devtools.restart.RestartApplicationListener -- Restart disabled due to context in which it is running

  .   ____          _            __ _ _
 /\\ / ___'_ __ _ _(_)_ __  __ _ \ \ \ \
( ( )\___ | '_ | '_| | '_ \/ _` | \ \ \ \
 \\/  ___)| |_)| | | | | || (_| |  ) ) ) )
  '  |____| .__|_| |_|_| |_\__, | / / / /
 =========|_|==============|___/=/_/_/_/
 :: Spring Boot ::                (v3.2.3)

2024-03-29T16:47:50.016+01:00  INFO 6334 --- [           main] com.ams.worknest.UserControllerTest      : Starting UserControllerTest using Java 21.0.2 with PID 6334 (started by federicosalvo in /Users/federicosalvo/Desktop/WorkNest/worknest-service)
2024-03-29T16:47:50.017+01:00  INFO 6334 --- [           main] com.ams.worknest.UserControllerTest      : The following 1 profile is active: "test"
2024-03-29T16:47:50.351+01:00  INFO 6334 --- [           main] .s.d.r.c.RepositoryConfigurationDelegate : Bootstrapping Spring Data JPA repositories in DEFAULT mode.
2024-03-29T16:47:50.392+01:00  INFO 6334 --- [           main] .s.d.r.c.RepositoryConfigurationDelegate : Finished Spring Data repository scanning in 38 ms. Found 1 JPA repository interface.
2024-03-29T16:47:50.485+01:00  INFO 6334 --- [           main] EmbeddedDatabaseContextCustomizerFactory : Replacing 'dataSource' DataSource bean with embedded version
2024-03-29T16:47:50.613+01:00  WARN 6334 --- [           main] trationDelegate$BeanPostProcessorChecker : Bean 'io.zonky.test.db.config.EmbeddedDatabaseAutoConfiguration' of type [io.zonky.test.db.config.EmbeddedDatabaseAutoConfiguration$$SpringCGLIB$$0] is not eligible for getting processed by all BeanPostProcessors (for example: not eligible for auto-proxying). The currently created BeanPostProcessor [flywayDatabaseExtension] is declared through a non-static factory method on that class; consider declaring it as static instead.
2024-03-29T16:47:50.739+01:00  INFO 6334 --- [           main] o.s.b.w.embedded.tomcat.TomcatWebServer  : Tomcat initialized with port 0 (http)
2024-03-29T16:47:50.747+01:00  INFO 6334 --- [           main] o.apache.catalina.core.StandardService   : Starting service [Tomcat]
2024-03-29T16:47:50.747+01:00  INFO 6334 --- [           main] o.apache.catalina.core.StandardEngine    : Starting Servlet engine: [Apache Tomcat/10.1.19]
2024-03-29T16:47:50.771+01:00  INFO 6334 --- [           main] o.a.c.c.C.[Tomcat].[localhost].[/]       : Initializing Spring embedded WebApplicationContext
2024-03-29T16:47:50.772+01:00  INFO 6334 --- [           main] w.s.c.ServletWebServerApplicationContext : Root WebApplicationContext: initialization completed in 750 ms
2024-03-29T16:47:50.881+01:00  INFO 6334 --- [  prefetching-1] org.testcontainers.images.PullPolicy     : Image pull policy will be performed by: DefaultPullPolicy()
2024-03-29T16:47:50.882+01:00  INFO 6334 --- [  prefetching-1] o.t.utility.ImageNameSubstitutor         : Image name substitution will be performed by: DefaultImageNameSubstitutor (composite of 'ConfigurationFileImageNameSubstitutor' and 'PrefixingImageNameSubstitutor')
2024-03-29T16:47:50.962+01:00  INFO 6334 --- [  prefetching-1] o.t.d.DockerClientProviderStrategy       : Loaded org.testcontainers.dockerclient.UnixSocketClientProviderStrategy from ~/.testcontainers.properties, will try it first
2024-03-29T16:47:51.096+01:00  INFO 6334 --- [  prefetching-1] o.t.d.DockerClientProviderStrategy       : Found Docker environment with local Unix socket (unix:///var/run/docker.sock)
2024-03-29T16:47:51.097+01:00  INFO 6334 --- [  prefetching-1] org.testcontainers.DockerClientFactory   : Docker host IP address is localhost
2024-03-29T16:47:51.111+01:00  INFO 6334 --- [  prefetching-1] org.testcontainers.DockerClientFactory   : Connected to docker: 
  Server Version: 25.0.3
  API Version: 1.44
  Operating System: Docker Desktop
  Total Memory: 3923 MB
2024-03-29T16:47:51.124+01:00  INFO 6334 --- [  prefetching-1] tc.testcontainers/ryuk:0.6.0             : Creating container for image: testcontainers/ryuk:0.6.0
2024-03-29T16:47:51.271+01:00  INFO 6334 --- [  prefetching-1] o.t.utility.RegistryAuthLocator          : Credential helper/store (docker-credential-desktop) does not have credentials for https://index.docker.io/v1/
2024-03-29T16:47:51.351+01:00  INFO 6334 --- [  prefetching-1] tc.testcontainers/ryuk:0.6.0             : Container testcontainers/ryuk:0.6.0 is starting: b2b5309404d723e43e310673b85a691036256ee21124f0c5279dcc66741c8902
2024-03-29T16:47:51.574+01:00  INFO 6334 --- [  prefetching-1] tc.testcontainers/ryuk:0.6.0             : Container testcontainers/ryuk:0.6.0 started in PT0.449926S
2024-03-29T16:47:51.582+01:00  INFO 6334 --- [  prefetching-1] o.t.utility.RyukResourceReaper           : Ryuk started - will monitor and terminate Testcontainers containers on JVM exit
2024-03-29T16:47:51.582+01:00  INFO 6334 --- [  prefetching-1] org.testcontainers.DockerClientFactory   : Checking the system...
2024-03-29T16:47:51.582+01:00  INFO 6334 --- [  prefetching-1] org.testcontainers.DockerClientFactory   : ✔︎ Docker server version should be at least 1.6.0
2024-03-29T16:47:51.583+01:00  INFO 6334 --- [  prefetching-1] tc.postgres:11-alpine                    : Creating container for image: postgres:11-alpine
2024-03-29T16:47:51.606+01:00  INFO 6334 --- [  prefetching-1] tc.postgres:11-alpine                    : Container postgres:11-alpine is starting: d6eab5540b32a0774b9b33ee95cc23184e17230281e7365d75529d970031402d
2024-03-29T16:47:52.524+01:00  INFO 6334 --- [  prefetching-1] tc.postgres:11-alpine                    : Container postgres:11-alpine started in PT0.941151S
2024-03-29T16:47:52.526+01:00  INFO 6334 --- [  prefetching-1] tc.postgres:11-alpine                    : Container is started (JDBC URL: jdbc:postgresql://localhost:51956/test?loggerLevel=OFF)
2024-03-29T16:47:52.533+01:00  INFO 6334 --- [ream-1585574085] z.t.d.p.p.DockerPostgresDatabaseProvider : STDOUT: The files belonging to this database system will be owned by user "postgres".
2024-03-29T16:47:52.534+01:00  INFO 6334 --- [ream-1585574085] z.t.d.p.p.DockerPostgresDatabaseProvider : STDOUT: This user must also own the server process.
2024-03-29T16:47:52.534+01:00  INFO 6334 --- [ream-1585574085] z.t.d.p.p.DockerPostgresDatabaseProvider : STDOUT: 
2024-03-29T16:47:52.534+01:00  INFO 6334 --- [ream-1585574085] z.t.d.p.p.DockerPostgresDatabaseProvider : STDOUT: The database cluster will be initialized with locale "en_US.utf8".
2024-03-29T16:47:52.534+01:00  INFO 6334 --- [ream-1585574085] z.t.d.p.p.DockerPostgresDatabaseProvider : STDOUT: The default database encoding has accordingly been set to "UTF8".
2024-03-29T16:47:52.534+01:00  INFO 6334 --- [ream-1585574085] z.t.d.p.p.DockerPostgresDatabaseProvider : STDOUT: The default text search configuration will be set to "english".
2024-03-29T16:47:52.534+01:00  INFO 6334 --- [ream-1585574085] z.t.d.p.p.DockerPostgresDatabaseProvider : STDOUT: 
2024-03-29T16:47:52.534+01:00  INFO 6334 --- [ream-1585574085] z.t.d.p.p.DockerPostgresDatabaseProvider : STDOUT: Data page checksums are disabled.
2024-03-29T16:47:52.534+01:00  INFO 6334 --- [ream-1585574085] z.t.d.p.p.DockerPostgresDatabaseProvider : STDOUT: 
2024-03-29T16:47:52.534+01:00  INFO 6334 --- [ream-1585574085] z.t.d.p.p.DockerPostgresDatabaseProvider : STDOUT: fixing permissions on existing directory /var/lib/postgresql/data ... ok
2024-03-29T16:47:52.535+01:00  INFO 6334 --- [ream-1585574085] z.t.d.p.p.DockerPostgresDatabaseProvider : STDOUT: creating subdirectories ... ok
2024-03-29T16:47:52.535+01:00  INFO 6334 --- [ream-1585574085] z.t.d.p.p.DockerPostgresDatabaseProvider : STDOUT: selecting default max_connections ... 100
2024-03-29T16:47:52.535+01:00  INFO 6334 --- [ream-1585574085] z.t.d.p.p.DockerPostgresDatabaseProvider : STDOUT: selecting default shared_buffers ... 128MB
2024-03-29T16:47:52.535+01:00  INFO 6334 --- [ream-1585574085] z.t.d.p.p.DockerPostgresDatabaseProvider : STDOUT: selecting default timezone ... UTC
2024-03-29T16:47:52.535+01:00  INFO 6334 --- [ream-1585574085] z.t.d.p.p.DockerPostgresDatabaseProvider : STDOUT: selecting dynamic shared memory implementation ... posix
2024-03-29T16:47:52.535+01:00  INFO 6334 --- [ream-1585574085] z.t.d.p.p.DockerPostgresDatabaseProvider : STDOUT: creating configuration files ... ok
2024-03-29T16:47:52.535+01:00  INFO 6334 --- [ream-1585574085] z.t.d.p.p.DockerPostgresDatabaseProvider : STDOUT: running bootstrap script ... ok
2024-03-29T16:47:52.535+01:00  INFO 6334 --- [ream-1585574085] z.t.d.p.p.DockerPostgresDatabaseProvider : STDERR: sh: locale: not found
2024-03-29T16:47:52.535+01:00  INFO 6334 --- [ream-1585574085] z.t.d.p.p.DockerPostgresDatabaseProvider : STDERR: 2024-03-29 15:47:51.907 UTC [30] WARNING:  no usable system locales were found
2024-03-29T16:47:52.536+01:00  INFO 6334 --- [ream-1585574085] z.t.d.p.p.DockerPostgresDatabaseProvider : STDOUT: performing post-bootstrap initialization ... ok
2024-03-29T16:47:52.536+01:00  INFO 6334 --- [ream-1585574085] z.t.d.p.p.DockerPostgresDatabaseProvider : STDOUT: 
2024-03-29T16:47:52.536+01:00  INFO 6334 --- [ream-1585574085] z.t.d.p.p.DockerPostgresDatabaseProvider : STDOUT: Sync to disk skipped.
2024-03-29T16:47:52.536+01:00  INFO 6334 --- [ream-1585574085] z.t.d.p.p.DockerPostgresDatabaseProvider : STDOUT: The data directory might become corrupt if the operating system crashes.
2024-03-29T16:47:52.536+01:00  INFO 6334 --- [ream-1585574085] z.t.d.p.p.DockerPostgresDatabaseProvider : STDOUT: 
2024-03-29T16:47:52.536+01:00  INFO 6334 --- [ream-1585574085] z.t.d.p.p.DockerPostgresDatabaseProvider : STDOUT: Success. You can now start the database server using:
2024-03-29T16:47:52.536+01:00  INFO 6334 --- [ream-1585574085] z.t.d.p.p.DockerPostgresDatabaseProvider : STDOUT: 
2024-03-29T16:47:52.536+01:00  INFO 6334 --- [ream-1585574085] z.t.d.p.p.DockerPostgresDatabaseProvider : STDOUT:     pg_ctl -D /var/lib/postgresql/data -l logfile start
2024-03-29T16:47:52.537+01:00  INFO 6334 --- [ream-1585574085] z.t.d.p.p.DockerPostgresDatabaseProvider : STDOUT: 
2024-03-29T16:47:52.537+01:00  INFO 6334 --- [ream-1585574085] z.t.d.p.p.DockerPostgresDatabaseProvider : STDERR: 
2024-03-29T16:47:52.537+01:00  INFO 6334 --- [ream-1585574085] z.t.d.p.p.DockerPostgresDatabaseProvider : STDERR: WARNING: enabling "trust" authentication for local connections
2024-03-29T16:47:52.537+01:00  INFO 6334 --- [ream-1585574085] z.t.d.p.p.DockerPostgresDatabaseProvider : STDERR: You can change this by editing pg_hba.conf or using the option -A, or
2024-03-29T16:47:52.537+01:00  INFO 6334 --- [ream-1585574085] z.t.d.p.p.DockerPostgresDatabaseProvider : STDERR: --auth-local and --auth-host, the next time you run initdb.
2024-03-29T16:47:52.537+01:00  INFO 6334 --- [ream-1585574085] z.t.d.p.p.DockerPostgresDatabaseProvider : STDOUT: waiting for server to start....2024-03-29 15:47:52.057 UTC [36] LOG:  listening on Unix socket "/var/run/postgresql/.s.PGSQL.5432"
2024-03-29T16:47:52.537+01:00  INFO 6334 --- [ream-1585574085] z.t.d.p.p.DockerPostgresDatabaseProvider : STDOUT: 2024-03-29 15:47:52.061 UTC [37] LOG:  database system was shut down at 2024-03-29 15:47:52 UTC
2024-03-29T16:47:52.537+01:00  INFO 6334 --- [ream-1585574085] z.t.d.p.p.DockerPostgresDatabaseProvider : STDOUT: 2024-03-29 15:47:52.063 UTC [36] LOG:  database system is ready to accept connections
2024-03-29T16:47:52.538+01:00  INFO 6334 --- [ream-1585574085] z.t.d.p.p.DockerPostgresDatabaseProvider : STDOUT:  done
2024-03-29T16:47:52.538+01:00  INFO 6334 --- [ream-1585574085] z.t.d.p.p.DockerPostgresDatabaseProvider : STDOUT: server started
2024-03-29T16:47:52.538+01:00  INFO 6334 --- [ream-1585574085] z.t.d.p.p.DockerPostgresDatabaseProvider : STDOUT: CREATE DATABASE
2024-03-29T16:47:52.538+01:00  INFO 6334 --- [ream-1585574085] z.t.d.p.p.DockerPostgresDatabaseProvider : STDOUT: 
2024-03-29T16:47:52.538+01:00  INFO 6334 --- [ream-1585574085] z.t.d.p.p.DockerPostgresDatabaseProvider : STDOUT: 
2024-03-29T16:47:52.538+01:00  INFO 6334 --- [ream-1585574085] z.t.d.p.p.DockerPostgresDatabaseProvider : STDOUT: /usr/local/bin/docker-entrypoint.sh: ignoring /docker-entrypoint-initdb.d/*
2024-03-29T16:47:52.538+01:00  INFO 6334 --- [ream-1585574085] z.t.d.p.p.DockerPostgresDatabaseProvider : STDOUT: 
2024-03-29T16:47:52.538+01:00  INFO 6334 --- [ream-1585574085] z.t.d.p.p.DockerPostgresDatabaseProvider : STDOUT: waiting for server to shut down....2024-03-29 15:47:52.386 UTC [36] LOG:  received fast shutdown request
2024-03-29T16:47:52.538+01:00  INFO 6334 --- [ream-1585574085] z.t.d.p.p.DockerPostgresDatabaseProvider : STDOUT: 2024-03-29 15:47:52.386 UTC [36] LOG:  aborting any active transactions
2024-03-29T16:47:52.539+01:00  INFO 6334 --- [ream-1585574085] z.t.d.p.p.DockerPostgresDatabaseProvider : STDOUT: 2024-03-29 15:47:52.387 UTC [36] LOG:  background worker "logical replication launcher" (PID 43) exited with exit code 1
2024-03-29T16:47:52.539+01:00  INFO 6334 --- [ream-1585574085] z.t.d.p.p.DockerPostgresDatabaseProvider : STDOUT: 2024-03-29 15:47:52.387 UTC [38] LOG:  shutting down
2024-03-29T16:47:52.539+01:00  INFO 6334 --- [ream-1585574085] z.t.d.p.p.DockerPostgresDatabaseProvider : STDOUT: 2024-03-29 15:47:52.390 UTC [36] LOG:  database system is shut down
2024-03-29T16:47:52.539+01:00  INFO 6334 --- [ream-1585574085] z.t.d.p.p.DockerPostgresDatabaseProvider : STDOUT:  done
2024-03-29T16:47:52.539+01:00  INFO 6334 --- [ream-1585574085] z.t.d.p.p.DockerPostgresDatabaseProvider : STDOUT: server stopped
2024-03-29T16:47:52.539+01:00  INFO 6334 --- [ream-1585574085] z.t.d.p.p.DockerPostgresDatabaseProvider : STDOUT: 
2024-03-29T16:47:52.539+01:00  INFO 6334 --- [ream-1585574085] z.t.d.p.p.DockerPostgresDatabaseProvider : STDOUT: PostgreSQL init process complete; ready for start up.
2024-03-29T16:47:52.539+01:00  INFO 6334 --- [ream-1585574085] z.t.d.p.p.DockerPostgresDatabaseProvider : STDOUT: 
2024-03-29T16:47:52.539+01:00  INFO 6334 --- [ream-1585574085] z.t.d.p.p.DockerPostgresDatabaseProvider : STDERR: 2024-03-29 15:47:52.498 UTC [1] LOG:  listening on IPv4 address "0.0.0.0", port 5432
2024-03-29T16:47:52.539+01:00  INFO 6334 --- [ream-1585574085] z.t.d.p.p.DockerPostgresDatabaseProvider : STDERR: 2024-03-29 15:47:52.498 UTC [1] LOG:  listening on IPv6 address "::", port 5432
2024-03-29T16:47:52.540+01:00  INFO 6334 --- [ream-1585574085] z.t.d.p.p.DockerPostgresDatabaseProvider : STDERR: 2024-03-29 15:47:52.498 UTC [1] LOG:  listening on Unix socket "/var/run/postgresql/.s.PGSQL.5432"
2024-03-29T16:47:52.540+01:00  INFO 6334 --- [ream-1585574085] z.t.d.p.p.DockerPostgresDatabaseProvider : STDERR: 2024-03-29 15:47:52.507 UTC [51] LOG:  database system was shut down at 2024-03-29 15:47:52 UTC
2024-03-29T16:47:52.540+01:00  INFO 6334 --- [ream-1585574085] z.t.d.p.p.DockerPostgresDatabaseProvider : STDERR: 2024-03-29 15:47:52.512 UTC [1] LOG:  database system is ready to accept connections
2024-03-29T16:47:53.414+01:00  INFO 6334 --- [  prefetching-2] o.f.c.internal.license.VersionPrinter    : Flyway Community Edition 9.22.3 by Redgate
2024-03-29T16:47:53.415+01:00  INFO 6334 --- [  prefetching-2] o.f.c.internal.license.VersionPrinter    : See release notes here: https://rd.gt/416ObMi
2024-03-29T16:47:53.415+01:00  INFO 6334 --- [  prefetching-2] o.f.c.internal.license.VersionPrinter    : 
2024-03-29T16:47:53.424+01:00  INFO 6334 --- [  prefetching-2] org.flywaydb.core.FlywayExecutor         : Database: jdbc:postgresql://localhost:51956/elsdjbzcyhiv (PostgreSQL 11.22)
2024-03-29T16:47:53.446+01:00  INFO 6334 --- [  prefetching-2] o.f.c.i.s.JdbcTableSchemaHistory         : Schema history table "public"."flyway_schema_history" does not exist yet
2024-03-29T16:47:53.447+01:00  INFO 6334 --- [  prefetching-2] o.f.core.internal.command.DbValidate     : Successfully validated 1 migration (execution time 00:00.005s)
2024-03-29T16:47:53.453+01:00  INFO 6334 --- [  prefetching-2] o.f.c.i.s.JdbcTableSchemaHistory         : Creating Schema History table "public"."flyway_schema_history" ...
2024-03-29T16:47:53.471+01:00  INFO 6334 --- [  prefetching-2] o.f.core.internal.command.DbMigrate      : Current version of schema "public": << Empty Schema >>
2024-03-29T16:47:53.482+01:00  INFO 6334 --- [  prefetching-2] o.f.core.internal.command.DbMigrate      : Migrating schema "public" to version "1.1 - create tables"
2024-03-29T16:47:53.508+01:00  INFO 6334 --- [  prefetching-2] o.f.core.internal.command.DbMigrate      : Successfully applied 1 migration to schema "public", now at version v1.1 (execution time 00:00.016s)
2024-03-29T16:47:53.783+01:00  INFO 6334 --- [           main] o.hibernate.jpa.internal.util.LogHelper  : HHH000204: Processing PersistenceUnitInfo [name: default]
2024-03-29T16:47:53.814+01:00  INFO 6334 --- [           main] org.hibernate.Version                    : HHH000412: Hibernate ORM core version 6.4.4.Final
2024-03-29T16:47:53.831+01:00  INFO 6334 --- [           main] o.h.c.internal.RegionFactoryInitiator    : HHH000026: Second-level cache disabled
2024-03-29T16:47:53.927+01:00  INFO 6334 --- [           main] o.s.o.j.p.SpringPersistenceUnitInfo      : No LoadTimeWeaver setup: ignoring JPA class transformer
2024-03-29T16:47:53.972+01:00  WARN 6334 --- [           main] org.hibernate.dialect.Dialect            : HHH000511: The 11.22.0 version for [org.hibernate.dialect.PostgreSQLDialect] is no longer supported, hence certain features may not work properly. The minimum supported version is 12.0.0. Check the community dialects project for available legacy versions.
2024-03-29T16:47:54.294+01:00  INFO 6334 --- [           main] o.h.e.t.j.p.i.JtaPlatformInitiator       : HHH000489: No JTA platform available (set 'hibernate.transaction.jta.platform' to enable JTA platform integration)
2024-03-29T16:47:54.295+01:00  INFO 6334 --- [           main] j.LocalContainerEntityManagerFactoryBean : Initialized JPA EntityManagerFactory for persistence unit 'default'
2024-03-29T16:47:54.398+01:00  WARN 6334 --- [           main] JpaBaseConfiguration$JpaWebConfiguration : spring.jpa.open-in-view is enabled by default. Therefore, database queries may be performed during view rendering. Explicitly configure spring.jpa.open-in-view to disable this warning
2024-03-29T16:47:54.536+01:00  INFO 6334 --- [           main] o.a.c.c.C.[Tomcat].[localhost].[/]       : Initializing Spring TestDispatcherServlet ''
2024-03-29T16:47:54.536+01:00  INFO 6334 --- [           main] o.s.t.web.servlet.TestDispatcherServlet  : Initializing Servlet ''
2024-03-29T16:47:54.536+01:00  INFO 6334 --- [           main] o.s.t.web.servlet.TestDispatcherServlet  : Completed initialization in 0 ms
2024-03-29T16:47:54.557+01:00  INFO 6334 --- [           main] o.s.b.w.embedded.tomcat.TomcatWebServer  : Tomcat started on port 51970 (http) with context path ''
2024-03-29T16:47:54.564+01:00  INFO 6334 --- [           main] com.ams.worknest.UserControllerTest      : Started UserControllerTest in 4.688 seconds (process running for 5.106)
2024-03-29T16:47:54.857+01:00  INFO 6334 --- [           main] i.z.t.d.l.EmbeddedDatabaseReporter       : JDBC URL to connect to 'dataSource': url='jdbc:postgresql://localhost:51956/ikepwcfgvcux?user=postgres&password=docker', scope='UserControllerTest#getUserById'
2024-03-29T16:47:54.911+01:00  INFO 6334 --- [           main] c.a.worknest.controllers.UserController  : GET | /users/c7d643f5-e2ef-4039-a2d0-02a57eda5bb6
2024-03-29T16:47:54.981+01:00  INFO 6334 --- [           main] j.LocalContainerEntityManagerFactoryBean : Closing JPA EntityManagerFactory for persistence unit 'default'
]]></system-out>
    <system-err><![CDATA[WARNING: A Java agent has been loaded dynamically (/Users/federicosalvo/.m2/repository/net/bytebuddy/byte-buddy-agent/1.14.12/byte-buddy-agent-1.14.12.jar)
WARNING: If a serviceability tool is in use, please run with -XX:+EnableDynamicAgentLoading to hide this warning
WARNING: If a serviceability tool is not in use, please run with -Djdk.instrument.traceUsage for more information
WARNING: Dynamic loading of agents will be disallowed by default in a future release
]]></system-err>
  </testcase>
</testsuite>