<?xml version="1.0" encoding="UTF-8"?>
<testsuite xmlns:xsi="http://www.w3.org/2001/XMLSchema-instance" xsi:noNamespaceSchemaLocation="https://maven.apache.org/surefire/maven-surefire-plugin/xsd/surefire-test-report-3.0.xsd" version="3.0" name="com.ams.worknest.WorknestApplicationTests" time="3.427" tests="1" errors="0" skipped="0" failures="0">
  <properties>
[...]
</properties>
  <testcase name="contextLoads" classname="com.ams.worknest.WorknestApplicationTests" time="0.911">
    <system-out><![CDATA[17:23:59.837 [main] INFO org.springframework.test.context.support.AnnotationConfigContextLoaderUtils -- Could not detect default configuration classes for test class [com.ams.worknest.WorknestApplicationTests]: WorknestApplicationTests does not declare any static, non-private, non-final, nested classes annotated with @Configuration.
17:23:59.961 [main] INFO org.springframework.boot.test.context.SpringBootTestContextBootstrapper -- Found @SpringBootConfiguration com.ams.worknest.WorknestApplication for test class com.ams.worknest.WorknestApplicationTests
17:24:00.174 [main] INFO org.springframework.boot.devtools.restart.RestartApplicationListener -- Restart disabled due to context in which it is running

  .   ____          _            __ _ _
 /\\ / ___'_ __ _ _(_)_ __  __ _ \ \ \ \
( ( )\___ | '_ | '_| | '_ \/ _` | \ \ \ \
 \\/  ___)| |_)| | | | | || (_| |  ) ) ) )
  '  |____| .__|_| |_|_| |_\__, | / / / /
 =========|_|==============|___/=/_/_/_/
 :: Spring Boot ::                (v3.2.3)

2024-03-20T17:24:00.533+01:00  INFO 86980 --- [worknest] [           main] c.ams.worknest.WorknestApplicationTests  : Starting WorknestApplicationTests using Java 17.0.10 with PID 86980 (started by riccardo in /Users/riccardo/Desktop/Progetto_Lab_Prog/WorkNest/worknest-service)
2024-03-20T17:24:00.535+01:00  INFO 86980 --- [worknest] [           main] c.ams.worknest.WorknestApplicationTests  : No active profile set, falling back to 1 default profile: "default"
2024-03-20T17:24:02.126+01:00  INFO 86980 --- [worknest] [           main] c.ams.worknest.WorknestApplicationTests  : Started WorknestApplicationTests in 1.972 seconds (process running for 3.221)
]]></system-out>
  </testcase>
</testsuite>